2026-05-18 22:21:17 - Starting ReviewsApplication using Java 21.0.11 with PID 15405 (/home/franklin/Documentos/ProyectosAngularSpring/ProyectoHoteles/reviews/target/classes started by franklin in /home/franklin/Documentos/ProyectosAngularSpring/ProyectoHoteles/reviews)
2026-05-18 22:21:17 - No active profile set, falling back to 1 default profile: "default"
2026-05-18 22:21:17 - Devtools property defaults active! Set 'spring.devtools.add-properties' to 'false' to disable
2026-05-18 22:21:17 - For additional web related logging consider setting the 'logging.level.web' property to 'DEBUG'
2026-05-18 22:21:18 - Bootstrapping Spring Data JPA repositories in DEFAULT mode.
2026-05-18 22:21:18 - Finished Spring Data repository scanning in 15 ms. Found 1 JPA repository interface.
2026-05-18 22:21:18 - Tomcat initialized with port 8082 (http)
2026-05-18 22:21:18 - Initializing ProtocolHandler ["http-nio-8082"]
2026-05-18 22:21:18 - Starting service [Tomcat]
2026-05-18 22:21:18 - Starting Servlet engine: [Apache Tomcat/11.0.15]
2026-05-18 22:21:18 - Root WebApplicationContext: initialization completed in 433 ms
2026-05-18 22:21:18 - HHH008540: Processing PersistenceUnitInfo [name: default]
2026-05-18 22:21:18 - HHH000001: Hibernate ORM core version 7.2.1.Final
2026-05-18 22:21:18 - No LoadTimeWeaver setup: ignoring JPA class transformer
2026-05-18 22:21:18 - HikariPool-1 - Starting...
2026-05-18 22:21:18 - HikariPool-1 - Added connection com.mysql.cj.jdbc.ConnectionImpl@47574e74
2026-05-18 22:21:18 - HikariPool-1 - Start completed.
2026-05-18 22:21:18 - HHH90000025: MySQLDialect does not need to be specified explicitly using 'hibernate.dialect' (remove the property setting and it will be selected by default)
2026-05-18 22:21:18 - HHH10001005: Database info:
	Database JDBC URL [jdbc:mysql://localhost:3306/db_hotelsbook?allowPublicKeyRetrieval=true&useSSL=false]
	Database driver: MySQL Connector/J
	Database dialect: MySQLDialect
	Database version: 8.4.9
	Default catalog/schema: db_hotelsbook/undefined
	Autocommit mode: undefined/unknown
	Isolation level: REPEATABLE_READ [default REPEATABLE_READ]
	JDBC fetch size: none
	Pool: DataSourceConnectionProvider
	Minimum pool size: undefined/unknown
	Maximum pool size: undefined/unknown
2026-05-18 22:21:18 - HHH000182: No default (no-argument) constructor for class [com.hotelsbook.reviews.entity.ReviewEntity] (class must be instantiated by Interceptor)
2026-05-18 22:21:18 - HHH000489: No JTA platform available (set 'hibernate.transaction.jta.platform' to enable JTA platform integration)
2026-05-18 22:21:18 - Initialized JPA EntityManagerFactory for persistence unit 'default'
2026-05-18 22:21:18 - Hibernate is in classpath; If applicable, HQL parser will be used.
2026-05-18 22:21:18 - spring.jpa.open-in-view is enabled by default. Therefore, database queries may be performed during view rendering. Explicitly configure spring.jpa.open-in-view to disable this warning
2026-05-18 22:21:19 - Starting ProtocolHandler ["http-nio-8082"]
2026-05-18 22:21:19 - Tomcat started on port 8082 (http) with context path '/'
2026-05-18 22:21:19 - Started ReviewsApplication in 1.41 seconds (process running for 1.584)
2026-05-18 22:37:25 - Initializing Spring DispatcherServlet 'dispatcherServlet'
2026-05-18 22:37:25 - Initializing Servlet 'dispatcherServlet'
2026-05-18 22:37:25 - Completed initialization in 0 ms
2026-05-18 22:37:25 - 1
2026-05-18 23:07:54 - 1
2026-05-18 23:10:59 - 1
2026-05-18 23:11:34 - 2
2026-05-18 23:12:13 - 3
2026-05-18 23:15:52 - 3
2026-05-18 23:16:31 - Commencing graceful shutdown. Waiting for active requests to complete
2026-05-18 23:16:31 - Graceful shutdown complete
2026-05-18 23:16:31 - Closing JPA EntityManagerFactory for persistence unit 'default'
2026-05-18 23:16:31 - HikariPool-1 - Shutdown initiated...
2026-05-18 23:16:31 - HikariPool-1 - Shutdown completed.
